INFO: Adding command minetweaker
INFO: Adding minetweaker command mfr
INFO: Removing 4 recipes
INFO: Removing 2 recipes
INFO: Removing 2 recipes
INFO: Removing 1 recipes
INFO: Removing 2 recipes
INFO: Removing 1 recipes
INFO: Removing 1 recipes
INFO: Removing 2 recipes
INFO: Removing 1 recipes
INFO: Removing 1 recipes
INFO: Removing 1 recipes
INFO: Removing 2 recipes
INFO: Removing 1 recipes
INFO: Removing 2 recipes
INFO: Removing 1 recipes
INFO: Removing 1 recipes
INFO: Adding recipe for Iron Chest
INFO: Adding recipe for Iron Chest
INFO: Adding recipe for Gold Chest
INFO: Adding recipe for Gold Chest
INFO: Adding recipe for Diamond Chest
INFO: Adding recipe for Diamond Chest
INFO: Adding recipe for Copper Chest
INFO: Adding recipe for Silver Chest
INFO: Adding recipe for Silver Chest
INFO: Adding recipe for Crystal Chest
INFO: Adding recipe for Obsidian Chest
INFO: Adding recipe for Iron to Gold Chest Upgrade
INFO: Adding recipe for Gold to Diamond Chest Upgrade
INFO: Adding recipe for Copper to Silver Chest Upgrade
INFO: Adding recipe for Silver to Gold Chest Upgrade
INFO: Adding recipe for Copper to Iron Chest Upgrade
INFO: Adding recipe for Diamond to Crystal Chest Upgrade
INFO: Adding recipe for Wood to Iron Chest Upgrade
INFO: Adding recipe for Wood to Copper Chest Upgrade
INFO: Adding recipe for Diamond to Obsidian Chest Upgrade
INFO: Removing 1 recipes
INFO: Removing 1 recipes
INFO: Removing 1 recipes
INFO: Removing 1 recipes
INFO: Removing 1 recipes
INFO: Removing 1 recipes
INFO: Removing 1 recipes
INFO: Removing 1 recipes
INFO: Removing 1 recipes
INFO: Removing 1 recipes
INFO: Removing 1 recipes
INFO: Removing 1 recipes
INFO: Removing 1 recipes
INFO: Removing 1 recipes
INFO: Removing 1 recipes
INFO: Removing 0 recipes
INFO: Adding recipe for Tunnel Bore
INFO: Adding recipe for Diamond Bore Head
INFO: Adding recipe for Steam Locomotive
INFO: Adding recipe for Undercutter Cart
INFO: Adding recipe for Track Relayer Cart
INFO: Adding wiremill recipe for <Railcraft:firestone.cut>
INFO: Adding compressor recipe for Block of Coal Coke
INFO: Removing 1 recipes
INFO: Adding recipe for Steam Oven
INFO: Removing 1 recipes
INFO: Adding recipe for Engraving Bench
INFO: Removing 1 recipes
INFO: Adding recipe for Feed Station
INFO: Removing 1 recipes
INFO: Adding recipe for Trade Station
INFO: Removing 1 recipes
INFO: Adding recipe for Steam Turbine Housing
INFO: Removing 0 recipes
INFO: Adding recipe for tile.railcraft.default.name
INFO: Removing 1 recipes
INFO: Adding recipe for Detector - Energy
INFO: Removing 1 recipes
INFO: Adding recipe for Adv. Item Loader
INFO: Removing 1 recipes
INFO: Adding recipe for Adv. Item Unloader
INFO: Removing 1 recipes
INFO: Adding recipe for Iron Tank Wall
INFO: Removing 2 recipes
INFO: Adding recipe for Iron Tank Gauge
INFO: Removing 2 recipes
INFO: Adding recipe for Iron Tank Valve
INFO: Removing 1 recipes
INFO: Adding recipe for Steel Tank Wall
INFO: Removing 1 recipes
INFO: Adding recipe for Steel Tank Gauge
INFO: Removing 1 recipes
INFO: Adding recipe for Steel Tank Valve
INFO: Removing 1 recipes
INFO: Adding recipe for Liquid Fueled Boiler Firebox
INFO: Removing 1 recipes
INFO: Adding recipe for Low Pressure Boiler Tank
INFO: Removing 1 recipes
INFO: Adding recipe for High Pressure Boiler Tank
