[13:23:14] [main/DEBUG] [FML/]: Injecting tracing printstreams for STDOUT/STDERR.
[13:23:14] [main/INFO] [FML/]: Forge Mod Loader version 7.10.85.1272 for Minecraft 1.7.10 loading
[13:23:14] [main/INFO] [FML/]: Java is Java HotSpot(TM) 64-Bit Server VM, version 1.8.0_25, running on Windows 8.1:amd64:6.3, installed at C:\Minecraft\runtime\jre-x64\1.8.0_25
[13:23:14] [main/DEBUG] [FML/]: Java classpath at launch is C:\Users\Jacob\AppData\Roaming\.minecraft\libraries\net\minecraftforge\forge\1.7.10-10.13.2.1272\forge-1.7.10-10.13.2.1272.jar;C:\Users\Jacob\AppData\Roaming\.minecraft\libraries\net\minecraft\launchwrapper\1.11\launchwrapper-1.11.jar;C:\Users\Jacob\AppData\Roaming\.minecraft\libraries\org\ow2\asm\asm-all\5.0.3\asm-all-5.0.3.jar;C:\Users\Jacob\AppData\Roaming\.minecraft\libraries\com\typesafe\akka\akka-actor_2.11\2.3.3\akka-actor_2.11-2.3.3.jar;C:\Users\Jacob\AppData\Roaming\.minecraft\libraries\com\typesafe\config\1.2.1\config-1.2.1.jar;C:\Users\Jacob\AppData\Roaming\.minecraft\libraries\org\scala-lang\scala-actors-migration_2.11\1.1.0\scala-actors-migration_2.11-1.1.0.jar;C:\Users\Jacob\AppData\Roaming\.minecraft\libraries\org\scala-lang\scala-compiler\2.11.1\scala-compiler-2.11.1.jar;C:\Users\Jacob\AppData\Roaming\.minecraft\libraries\org\scala-lang\plugins\scala-continuations-library_2.11\1.0.2\scala-continuations-library_2.11-1.0.2.jar;C:\Users\Jacob\AppData\Roaming\.minecraft\libraries\org\scala-lang\plugins\scala-continuations-plugin_2.11.1\1.0.2\scala-continuations-plugin_2.11.1-1.0.2.jar;C:\Users\Jacob\AppData\Roaming\.minecraft\libraries\org\scala-lang\scala-library\2.11.1\scala-library-2.11.1.jar;C:\Users\Jacob\AppData\Roaming\.minecraft\libraries\org\scala-lang\scala-parser-combinators_2.11\1.0.1\scala-parser-combinators_2.11-1.0.1.jar;C:\Users\Jacob\AppData\Roaming\.minecraft\libraries\org\scala-lang\scala-reflect\2.11.1\scala-reflect-2.11.1.jar;C:\Users\Jacob\AppData\Roaming\.minecraft\libraries\org\scala-lang\scala-swing_2.11\1.0.1\scala-swing_2.11-1.0.1.jar;C:\Users\Jacob\AppData\Roaming\.minecraft\libraries\org\scala-lang\scala-xml_2.11\1.0.2\scala-xml_2.11-1.0.2.jar;C:\Users\Jacob\AppData\Roaming\.minecraft\libraries\net\sf\jopt-simple\jopt-simple\4.5\jopt-simple-4.5.jar;C:\Users\Jacob\AppData\Roaming\.minecraft\libraries\lzma\lzma\0.0.1\lzma-0.0.1.jar;C:\Users\Jacob\AppData\Roaming\.minecraft\libraries\com\mojang\realms\1.3.5\realms-1.3.5.jar;C:\Users\Jacob\AppData\Roaming\.minecraft\libraries\org\apache\commons\commons-compress\1.8.1\commons-compress-1.8.1.jar;C:\Users\Jacob\AppData\Roaming\.minecraft\libraries\org\apache\httpcomponents\httpclient\4.3.3\httpclient-4.3.3.jar;C:\Users\Jacob\AppData\Roaming\.minecraft\libraries\commons-logging\commons-logging\1.1.3\commons-logging-1.1.3.jar;C:\Users\Jacob\AppData\Roaming\.minecraft\libraries\org\apache\httpcomponents\httpcore\4.3.2\httpcore-4.3.2.jar;C:\Users\Jacob\AppData\Roaming\.minecraft\libraries\java3d\vecmath\1.3.1\vecmath-1.3.1.jar;C:\Users\Jacob\AppData\Roaming\.minecraft\libraries\net\sf\trove4j\trove4j\3.0.3\trove4j-3.0.3.jar;C:\Users\Jacob\AppData\Roaming\.minecraft\libraries\com\ibm\icu\icu4j-core-mojang\51.2\icu4j-core-mojang-51.2.jar;C:\Users\Jacob\AppData\Roaming\.minecraft\libraries\com\paulscode\codecjorbis\20101023\codecjorbis-20101023.jar;C:\Users\Jacob\AppData\Roaming\.minecraft\libraries\com\paulscode\codecwav\20101023\codecwav-20101023.jar;C:\Users\Jacob\AppData\Roaming\.minecraft\libraries\com\paulscode\libraryjavasound\20101123\libraryjavasound-20101123.jar;C:\Users\Jacob\AppData\Roaming\.minecraft\libraries\com\paulscode\librarylwjglopenal\20100824\librarylwjglopenal-20100824.jar;C:\Users\Jacob\AppData\Roaming\.minecraft\libraries\com\paulscode\soundsystem\20120107\soundsystem-20120107.jar;C:\Users\Jacob\AppData\Roaming\.minecraft\libraries\io\netty\netty-all\4.0.10.Final\netty-all-4.0.10.Final.jar;C:\Users\Jacob\AppData\Roaming\.minecraft\libraries\com\google\guava\guava\16.0\guava-16.0.jar;C:\Users\Jacob\AppData\Roaming\.minecraft\libraries\org\apache\commons\commons-lang3\3.2.1\commons-lang3-3.2.1.jar;C:\Users\Jacob\AppData\Roaming\.minecraft\libraries\commons-io\commons-io\2.4\commons-io-2.4.jar;C:\Users\Jacob\AppData\Roaming\.minecraft\libraries\commons-codec\commons-codec\1.9\commons-codec-1.9.jar;C:\Users\Jacob\AppData\Roaming\.minecraft\libraries\net\java\jinput\jinput\2.0.5\jinput-2.0.5.jar;C:\Users\Jacob\AppData\Roaming\.minecraft\libraries\net\java\jutils\jutils\1.0.0\jutils-1.0.0.jar;C:\Users\Jacob\AppData\Roaming\.minecraft\libraries\com\google\code\gson\gson\2.2.4\gson-2.2.4.jar;C:\Users\Jacob\AppData\Roaming\.minecraft\libraries\com\mojang\authlib\1.5.16\authlib-1.5.16.jar;C:\Users\Jacob\AppData\Roaming\.minecraft\libraries\org\apache\logging\log4j\log4j-api\2.0-beta9\log4j-api-2.0-beta9.jar;C:\Users\Jacob\AppData\Roaming\.minecraft\libraries\org\apache\logging\log4j\log4j-core\2.0-beta9\log4j-core-2.0-beta9.jar;C:\Users\Jacob\AppData\Roaming\.minecraft\libraries\org\lwjgl\lwjgl\lwjgl\2.9.1\lwjgl-2.9.1.jar;C:\Users\Jacob\AppData\Roaming\.minecraft\libraries\org\lwjgl\lwjgl\lwjgl_util\2.9.1\lwjgl_util-2.9.1.jar;C:\Users\Jacob\AppData\Roaming\.minecraft\libraries\tv\twitch\twitch\5.16\twitch-5.16.jar;C:\Users\Jacob\AppData\Roaming\.minecraft\versions\1.7.10-Forge10.13.2.1272\1.7.10-Forge10.13.2.1272.jar
[13:23:14] [main/DEBUG] [FML/]: Java library path at launch is C:\Users\Jacob\AppData\Roaming\.minecraft\versions\1.7.10-Forge10.13.2.1272\1.7.10-Forge10.13.2.1272-natives-1028917202697828
[13:23:14] [main/DEBUG] [FML/]: Enabling runtime deobfuscation
[13:23:14] [main/DEBUG] [FML/]: Instantiating coremod class FMLCorePlugin
[13:23:14] [main/DEBUG] [FML/]: Added access transformer class cpw.mods.fml.common.asm.transformers.AccessTransformer to enqueued access transformers
[13:23:14] [main/DEBUG] [FML/]: Enqueued coremod FMLCorePlugin
[13:23:14] [main/DEBUG] [FML/]: Instantiating coremod class FMLForgePlugin
[13:23:14] [main/DEBUG] [FML/]: Added access transformer class net.minecraftforge.transformers.ForgeAccessTransformer to enqueued access transformers
[13:23:14] [main/DEBUG] [FML/]: Enqueued coremod FMLForgePlugin
[13:23:14] [main/DEBUG] [FML/]: All fundamental core mods are successfully located
[13:23:14] [main/DEBUG] [FML/]: Attempting to load commandline specified mods, relative to C:\Users\Jacob\Documents\GitHub\Learn-Gregtech-1.7.10\minecraft
[13:23:14] [main/DEBUG] [FML/]: Discovering coremods
[13:23:14] [main/DEBUG] [FML/]: Examining for coremod candidacy BetterTitleScreen-1.7.10-1.1.jar
[13:23:14] [main/DEBUG] [FML/]: Not found coremod data in BetterTitleScreen-1.7.10-1.1.jar
[13:23:14] [main/DEBUG] [FML/]: Examining for coremod candidacy CodeChickenCore-1.8-1.0.5.34-universal.jar
[13:23:14] [main/TRACE] [FML/]: Adding CodeChickenCore-1.8-1.0.5.34-universal.jar to the list of known coremods, it will not be examined again
[13:23:14] [main/DEBUG] [FML/]: Instantiating coremod class CodeChickenCorePlugin
[13:23:14] [main/INFO] [STDERR/]: [java.lang.Throwable$WrappedPrintStream:println:748]: java.lang.NoClassDefFoundError: net/minecraftforge/fml/relauncher/IFMLLoadingPlugin
[13:23:14] [main/INFO] [STDERR/]: [java.lang.Throwable$WrappedPrintStream:println:748]: 	at java.lang.ClassLoader.defineClass1(Native Method)
[13:23:14] [main/INFO] [STDERR/]: [java.lang.Throwable$WrappedPrintStream:println:748]: 	at java.lang.ClassLoader.defineClass(ClassLoader.java:760)
[13:23:14] [main/INFO] [STDERR/]: [java.lang.Throwable$WrappedPrintStream:println:748]: 	at java.security.SecureClassLoader.defineClass(SecureClassLoader.java:142)
[13:23:14] [main/INFO] [STDERR/]: [java.lang.Throwable$WrappedPrintStream:println:748]: 	at java.net.URLClassLoader.defineClass(URLClassLoader.java:455)
[13:23:14] [main/INFO] [STDERR/]: [java.lang.Throwable$WrappedPrintStream:println:748]: 	at java.net.URLClassLoader.access$100(URLClassLoader.java:73)
[13:23:14] [main/INFO] [STDERR/]: [java.lang.Throwable$WrappedPrintStream:println:748]: 	at java.net.URLClassLoader$1.run(URLClassLoader.java:367)
[13:23:14] [main/INFO] [STDERR/]: [java.lang.Throwable$WrappedPrintStream:println:748]: 	at java.net.URLClassLoader$1.run(URLClassLoader.java:361)
[13:23:14] [main/INFO] [STDERR/]: [java.lang.Throwable$WrappedPrintStream:println:748]: 	at java.security.AccessController.doPrivileged(Native Method)
[13:23:14] [main/INFO] [STDERR/]: [java.lang.Throwable$WrappedPrintStream:println:748]: 	at java.net.URLClassLoader.findClass(URLClassLoader.java:360)
[13:23:14] [main/INFO] [STDERR/]: [java.lang.Throwable$WrappedPrintStream:println:748]: 	at net.minecraft.launchwrapper.LaunchClassLoader.findClass(LaunchClassLoader.java:117)
[13:23:14] [main/INFO] [STDERR/]: [java.lang.Throwable$WrappedPrintStream:println:748]: 	at java.lang.ClassLoader.loadClass(ClassLoader.java:424)
[13:23:14] [main/INFO] [STDERR/]: [java.lang.Throwable$WrappedPrintStream:println:748]: 	at java.lang.ClassLoader.loadClass(ClassLoader.java:357)
[13:23:14] [main/INFO] [STDERR/]: [java.lang.Throwable$WrappedPrintStream:println:748]: 	at java.lang.Class.forName0(Native Method)
[13:23:14] [main/INFO] [STDERR/]: [java.lang.Throwable$WrappedPrintStream:println:748]: 	at java.lang.Class.forName(Class.java:344)
[13:23:14] [main/INFO] [STDERR/]: [java.lang.Throwable$WrappedPrintStream:println:748]: 	at cpw.mods.fml.relauncher.CoreModManager.loadCoreMod(CoreModManager.java:417)
[13:23:14] [main/INFO] [STDERR/]: [java.lang.Throwable$WrappedPrintStream:println:748]: 	at cpw.mods.fml.relauncher.CoreModManager.discoverCoreMods(CoreModManager.java:346)
[13:23:14] [main/INFO] [STDERR/]: [java.lang.Throwable$WrappedPrintStream:println:748]: 	at cpw.mods.fml.relauncher.CoreModManager.handleLaunch(CoreModManager.java:214)
[13:23:14] [main/INFO] [STDERR/]: [java.lang.Throwable$WrappedPrintStream:println:748]: 	at cpw.mods.fml.relauncher.FMLLaunchHandler.setupHome(FMLLaunchHandler.java:90)
[13:23:14] [main/INFO] [STDERR/]: [java.lang.Throwable$WrappedPrintStream:println:748]: 	at cpw.mods.fml.relauncher.FMLLaunchHandler.setupClient(FMLLaunchHandler.java:67)
[13:23:14] [main/INFO] [STDERR/]: [java.lang.Throwable$WrappedPrintStream:println:748]: 	at cpw.mods.fml.relauncher.FMLLaunchHandler.configureForClientLaunch(FMLLaunchHandler.java:34)
[13:23:14] [main/INFO] [STDERR/]: [java.lang.Throwable$WrappedPrintStream:println:748]: 	at cpw.mods.fml.common.launcher.FMLTweaker.injectIntoClassLoader(FMLTweaker.java:126)
[13:23:14] [main/INFO] [STDERR/]: [java.lang.Throwable$WrappedPrintStream:println:748]: 	at net.minecraft.launchwrapper.Launch.launch(Launch.java:115)
[13:23:14] [main/INFO] [STDERR/]: [java.lang.Throwable$WrappedPrintStream:println:748]: 	at net.minecraft.launchwrapper.Launch.main(Launch.java:28)
[13:23:14] [main/INFO] [STDERR/]: [java.lang.Throwable$WrappedPrintStream:println:748]: Caused by: java.lang.ClassNotFoundException: net.minecraftforge.fml.relauncher.IFMLLoadingPlugin
[13:23:14] [main/INFO] [STDERR/]: [java.lang.Throwable$WrappedPrintStream:println:748]: 	at net.minecraft.launchwrapper.LaunchClassLoader.findClass(LaunchClassLoader.java:191)
[13:23:14] [main/INFO] [STDERR/]: [java.lang.Throwable$WrappedPrintStream:println:748]: 	at java.lang.ClassLoader.loadClass(ClassLoader.java:424)
[13:23:14] [main/INFO] [STDERR/]: [java.lang.Throwable$WrappedPrintStream:println:748]: 	at java.lang.ClassLoader.loadClass(ClassLoader.java:357)
[13:23:14] [main/INFO] [STDERR/]: [java.lang.Throwable$WrappedPrintStream:println:748]: 	... 23 more
[13:23:14] [main/INFO] [STDERR/]: [java.lang.Throwable$WrappedPrintStream:println:748]: Caused by: java.lang.NullPointerException
[13:23:14] [main/INFO] [STDERR/]: [java.lang.Throwable$WrappedPrintStream:println:748]: 	at net.minecraft.launchwrapper.LaunchClassLoader.findClass(LaunchClassLoader.java:182)
[13:23:14] [main/INFO] [STDERR/]: [java.lang.Throwable$WrappedPrintStream:println:748]: 	... 25 more
[13:23:14] [main/ERROR] [FML/]: An error occurred trying to configure the minecraft home at C:\Users\Jacob\Documents\GitHub\Learn-Gregtech-1.7.10\minecraft for Forge Mod Loader
java.lang.NoClassDefFoundError: net/minecraftforge/fml/relauncher/IFMLLoadingPlugin
	at java.lang.ClassLoader.defineClass1(Native Method) ~[?:1.8.0_25]
	at java.lang.ClassLoader.defineClass(ClassLoader.java:760) ~[?:1.8.0_25]
	at java.security.SecureClassLoader.defineClass(SecureClassLoader.java:142) ~[?:1.8.0_25]
	at java.net.URLClassLoader.defineClass(URLClassLoader.java:455) ~[?:1.8.0_25]
	at java.net.URLClassLoader.access$100(URLClassLoader.java:73) ~[?:1.8.0_25]
	at java.net.URLClassLoader$1.run(URLClassLoader.java:367) ~[?:1.8.0_25]
	at java.net.URLClassLoader$1.run(URLClassLoader.java:361) ~[?:1.8.0_25]
	at java.security.AccessController.doPrivileged(Native Method) ~[?:1.8.0_25]
	at java.net.URLClassLoader.findClass(URLClassLoader.java:360) ~[?:1.8.0_25]
	at net.minecraft.launchwrapper.LaunchClassLoader.findClass(LaunchClassLoader.java:117) ~[launchwrapper-1.11.jar:?]
	at java.lang.ClassLoader.loadClass(ClassLoader.java:424) ~[?:1.8.0_25]
	at java.lang.ClassLoader.loadClass(ClassLoader.java:357) ~[?:1.8.0_25]
	at java.lang.Class.forName0(Native Method) ~[?:1.8.0_25]
	at java.lang.Class.forName(Class.java:344) ~[?:1.8.0_25]
	at cpw.mods.fml.relauncher.CoreModManager.loadCoreMod(CoreModManager.java:417) ~[forge-1.7.10-10.13.2.1272.jar:?]
	at cpw.mods.fml.relauncher.CoreModManager.discoverCoreMods(CoreModManager.java:346) ~[forge-1.7.10-10.13.2.1272.jar:?]
	at cpw.mods.fml.relauncher.CoreModManager.handleLaunch(CoreModManager.java:214) ~[forge-1.7.10-10.13.2.1272.jar:?]
	at cpw.mods.fml.relauncher.FMLLaunchHandler.setupHome(FMLLaunchHandler.java:90) [forge-1.7.10-10.13.2.1272.jar:?]
	at cpw.mods.fml.relauncher.FMLLaunchHandler.setupClient(FMLLaunchHandler.java:67) [forge-1.7.10-10.13.2.1272.jar:?]
	at cpw.mods.fml.relauncher.FMLLaunchHandler.configureForClientLaunch(FMLLaunchHandler.java:34) [forge-1.7.10-10.13.2.1272.jar:?]
	at cpw.mods.fml.common.launcher.FMLTweaker.injectIntoClassLoader(FMLTweaker.java:126) [forge-1.7.10-10.13.2.1272.jar:?]
	at net.minecraft.launchwrapper.Launch.launch(Launch.java:115) [launchwrapper-1.11.jar:?]
	at net.minecraft.launchwrapper.Launch.main(Launch.java:28) [launchwrapper-1.11.jar:?]
Caused by: java.lang.ClassNotFoundException: net.minecraftforge.fml.relauncher.IFMLLoadingPlugin
	at net.minecraft.launchwrapper.LaunchClassLoader.findClass(LaunchClassLoader.java:191) ~[launchwrapper-1.11.jar:?]
	at java.lang.ClassLoader.loadClass(ClassLoader.java:424) ~[?:1.8.0_25]
	at java.lang.ClassLoader.loadClass(ClassLoader.java:357) ~[?:1.8.0_25]
	... 23 more
Caused by: java.lang.NullPointerException
	at net.minecraft.launchwrapper.LaunchClassLoader.findClass(LaunchClassLoader.java:182) ~[launchwrapper-1.11.jar:?]
	at java.lang.ClassLoader.loadClass(ClassLoader.java:424) ~[?:1.8.0_25]
	at java.lang.ClassLoader.loadClass(ClassLoader.java:357) ~[?:1.8.0_25]
	... 23 more
[13:23:14] [main/INFO] [STDERR/]: [java.lang.Throwable$WrappedPrintStream:println:748]: java.lang.NoClassDefFoundError: net/minecraftforge/fml/relauncher/IFMLLoadingPlugin
[13:23:14] [main/INFO] [STDERR/]: [java.lang.Throwable$WrappedPrintStream:println:748]: 	at java.lang.ClassLoader.defineClass1(Native Method)
[13:23:14] [main/INFO] [STDERR/]: [java.lang.Throwable$WrappedPrintStream:println:748]: 	at java.lang.ClassLoader.defineClass(ClassLoader.java:760)
[13:23:14] [main/INFO] [STDERR/]: [java.lang.Throwable$WrappedPrintStream:println:748]: 	at java.security.SecureClassLoader.defineClass(SecureClassLoader.java:142)
[13:23:14] [main/INFO] [STDERR/]: [java.lang.Throwable$WrappedPrintStream:println:748]: 	at java.net.URLClassLoader.defineClass(URLClassLoader.java:455)
[13:23:14] [main/INFO] [STDERR/]: [java.lang.Throwable$WrappedPrintStream:println:748]: 	at java.net.URLClassLoader.access$100(URLClassLoader.java:73)
[13:23:14] [main/INFO] [STDERR/]: [java.lang.Throwable$WrappedPrintStream:println:748]: 	at java.net.URLClassLoader$1.run(URLClassLoader.java:367)
[13:23:14] [main/INFO] [STDERR/]: [java.lang.Throwable$WrappedPrintStream:println:748]: 	at java.net.URLClassLoader$1.run(URLClassLoader.java:361)
[13:23:14] [main/INFO] [STDERR/]: [java.lang.Throwable$WrappedPrintStream:println:748]: 	at java.security.AccessController.doPrivileged(Native Method)
[13:23:14] [main/INFO] [STDERR/]: [java.lang.Throwable$WrappedPrintStream:println:748]: 	at java.net.URLClassLoader.findClass(URLClassLoader.java:360)
[13:23:14] [main/INFO] [STDERR/]: [java.lang.Throwable$WrappedPrintStream:println:748]: 	at net.minecraft.launchwrapper.LaunchClassLoader.findClass(LaunchClassLoader.java:117)
[13:23:14] [main/INFO] [STDERR/]: [java.lang.Throwable$WrappedPrintStream:println:748]: 	at java.lang.ClassLoader.loadClass(ClassLoader.java:424)
[13:23:14] [main/INFO] [STDERR/]: [java.lang.Throwable$WrappedPrintStream:println:748]: 	at java.lang.ClassLoader.loadClass(ClassLoader.java:357)
[13:23:14] [main/INFO] [STDERR/]: [java.lang.Throwable$WrappedPrintStream:println:748]: 	at java.lang.Class.forName0(Native Method)
[13:23:14] [main/INFO] [STDERR/]: [java.lang.Throwable$WrappedPrintStream:println:748]: 	at java.lang.Class.forName(Class.java:344)
[13:23:14] [main/INFO] [STDERR/]: [java.lang.Throwable$WrappedPrintStream:println:748]: 	at cpw.mods.fml.relauncher.CoreModManager.loadCoreMod(CoreModManager.java:417)
[13:23:14] [main/INFO] [STDERR/]: [java.lang.Throwable$WrappedPrintStream:println:748]: 	at cpw.mods.fml.relauncher.CoreModManager.discoverCoreMods(CoreModManager.java:346)
[13:23:14] [main/INFO] [STDERR/]: [java.lang.Throwable$WrappedPrintStream:println:748]: 	at cpw.mods.fml.relauncher.CoreModManager.handleLaunch(CoreModManager.java:214)
[13:23:14] [main/INFO] [STDERR/]: [java.lang.Throwable$WrappedPrintStream:println:748]: 	at cpw.mods.fml.relauncher.FMLLaunchHandler.setupHome(FMLLaunchHandler.java:90)
[13:23:14] [main/INFO] [STDERR/]: [java.lang.Throwable$WrappedPrintStream:println:748]: 	at cpw.mods.fml.relauncher.FMLLaunchHandler.setupClient(FMLLaunchHandler.java:67)
[13:23:14] [main/INFO] [STDERR/]: [java.lang.Throwable$WrappedPrintStream:println:748]: 	at cpw.mods.fml.relauncher.FMLLaunchHandler.configureForClientLaunch(FMLLaunchHandler.java:34)
[13:23:14] [main/INFO] [STDERR/]: [java.lang.Throwable$WrappedPrintStream:println:748]: 	at cpw.mods.fml.common.launcher.FMLTweaker.injectIntoClassLoader(FMLTweaker.java:126)
[13:23:14] [main/INFO] [STDERR/]: [java.lang.Throwable$WrappedPrintStream:println:748]: 	at net.minecraft.launchwrapper.Launch.launch(Launch.java:115)
[13:23:14] [main/INFO] [STDERR/]: [java.lang.Throwable$WrappedPrintStream:println:748]: 	at net.minecraft.launchwrapper.Launch.main(Launch.java:28)
[13:23:14] [main/INFO] [STDERR/]: [java.lang.Throwable$WrappedPrintStream:println:748]: Caused by: java.lang.ClassNotFoundException: net.minecraftforge.fml.relauncher.IFMLLoadingPlugin
[13:23:14] [main/INFO] [STDERR/]: [java.lang.Throwable$WrappedPrintStream:println:748]: 	at net.minecraft.launchwrapper.LaunchClassLoader.findClass(LaunchClassLoader.java:191)
[13:23:14] [main/INFO] [STDERR/]: [java.lang.Throwable$WrappedPrintStream:println:748]: 	at java.lang.ClassLoader.loadClass(ClassLoader.java:424)
[13:23:14] [main/INFO] [STDERR/]: [java.lang.Throwable$WrappedPrintStream:println:748]: 	at java.lang.ClassLoader.loadClass(ClassLoader.java:357)
[13:23:14] [main/INFO] [STDERR/]: [java.lang.Throwable$WrappedPrintStream:println:748]: 	... 23 more
[13:23:14] [main/INFO] [STDERR/]: [java.lang.Throwable$WrappedPrintStream:println:748]: Caused by: java.lang.NullPointerException
[13:23:14] [main/INFO] [STDERR/]: [java.lang.Throwable$WrappedPrintStream:println:748]: 	at net.minecraft.launchwrapper.LaunchClassLoader.findClass(LaunchClassLoader.java:182)
[13:23:14] [main/INFO] [STDERR/]: [java.lang.Throwable$WrappedPrintStream:println:748]: 	... 25 more
