[14:01:06] [main/INFO]: Setting user: CarbonBasedGhost
[14:01:06] [Client thread/INFO]: LWJGL Version: 2.9.1
[14:01:13] [Client thread/INFO]: Reloading ResourceManager: Default, FMLFileResourcePack:Forge Mod Loader, FMLFileResourcePack:Minecraft Forge, FMLFileResourcePack:Not Enough Items, FMLFileResourcePack:Applied Energistics 2, FMLFileResourcePack:Better Title Screen, FMLFileResourcePack:GregTech, FMLFileResourcePack:Hardcore Questing Mode, FMLFileResourcePack:IndustrialCraft 2, FMLFileResourcePack:Inventory Tweaks, FMLFileResourcePack:Iron Chest, FMLFileResourcePack:Lockdown, FMLFileResourcePack:MineTweaker 3, FMLFileResourcePack:NEI Integration, FMLFileResourcePack:MapWriter, FMLFileResourcePack:Opis, FMLFileResourcePack:Railcraft, FMLFileResourcePack:Waila, FMLFileResourcePack:Forge Microblocks, FMLFileResourcePack:Forge Multipart, FMLFileResourcePack:Minecraft Multipart Plugin, FMLFileResourcePack:MrTJPCoreMod, Learn Gregtech Companion.zip, pgtat_v1_19.zip
[14:01:23] [Sound Library Loader/INFO]: Sound engine started
[14:01:24] [Client thread/INFO]: Created: 1024x1024 textures/blocks-atlas
[14:01:25] [Client thread/INFO]: Created: 1024x512 textures/items-atlas
[14:02:14] [Client thread/INFO]: Reloading ResourceManager: Default, FMLFileResourcePack:Forge Mod Loader, FMLFileResourcePack:Minecraft Forge, FMLFileResourcePack:Not Enough Items, FMLFileResourcePack:Applied Energistics 2, FMLFileResourcePack:Better Title Screen, FMLFileResourcePack:GregTech, FMLFileResourcePack:Hardcore Questing Mode, FMLFileResourcePack:IndustrialCraft 2, FMLFileResourcePack:Inventory Tweaks, FMLFileResourcePack:Iron Chest, FMLFileResourcePack:Lockdown, FMLFileResourcePack:MineTweaker 3, FMLFileResourcePack:NEI Integration, FMLFileResourcePack:MapWriter, FMLFileResourcePack:Opis, FMLFileResourcePack:Railcraft, FMLFileResourcePack:Waila, FMLFileResourcePack:Forge Microblocks, FMLFileResourcePack:Forge Multipart, FMLFileResourcePack:Minecraft Multipart Plugin, FMLFileResourcePack:MrTJPCoreMod, Learn Gregtech Companion.zip, pgtat_v1_19.zip
[14:02:14] [Client thread/INFO]: Created: 1024x1024 textures/items-atlas
[14:02:15] [Client thread/INFO]: Created: 1024x1024 textures/blocks-atlas
[14:02:16] [Sound Library Loader/INFO]: Sound engine started
[14:02:34] [Server thread/INFO]: Starting integrated minecraft server version 1.7.10
[14:02:34] [Server thread/INFO]: Generating keypair
[14:02:35] [Server thread/INFO]: Preparing start region for level 0
[14:02:37] [Server thread/INFO]: Changing view distance to 8, from 10
[14:02:37] [Server thread/INFO]: CarbonBasedGhost[local:E:04ffcd72] logged in with entity id 285 at (463.634256006043, 63.0, -143.15022101303984)
[14:02:37] [Server thread/INFO]: CarbonBasedGhost joined the game
[14:02:41] [Client thread/INFO]: [CHAT] This server doesn't have Hardcore Questing Mode enabled.
[14:02:41] [Server thread/INFO]: Saving and pausing game...
[14:02:41] [Server thread/INFO]: Saving chunks for level 'Survival World'/Overworld
[14:02:41] [Server thread/INFO]: Saving chunks for level 'Survival World'/Nether
[14:02:41] [Server thread/INFO]: Saving chunks for level 'Survival World'/The End
[14:02:42] [Client thread/INFO]: [CHAT] InvTweaks: Configuration loaded.
[14:02:48] [Server thread/INFO]: Saving and pausing game...
[14:02:48] [Server thread/INFO]: Saving chunks for level 'Survival World'/Overworld
[14:02:48] [Server thread/INFO]: Saving chunks for level 'Survival World'/Nether
[14:02:48] [Server thread/INFO]: Saving chunks for level 'Survival World'/The End
[14:03:15] [Server thread/INFO]: Saving and pausing game...
[14:03:15] [Server thread/INFO]: Saving chunks for level 'Survival World'/Overworld
[14:03:15] [Server thread/INFO]: Saving chunks for level 'Survival World'/Nether
[14:03:15] [Server thread/INFO]: Saving chunks for level 'Survival World'/The End
[14:03:21] [Client thread/INFO]: [CHAT] You can only sleep at night
[14:03:27] [Server thread/INFO]: Saving and pausing game...
[14:03:27] [Server thread/INFO]: Saving chunks for level 'Survival World'/Overworld
[14:03:27] [Server thread/INFO]: Saving chunks for level 'Survival World'/Nether
[14:03:27] [Server thread/INFO]: Saving chunks for level 'Survival World'/The End
[14:03:38] [Client thread/INFO]: [CHAT] Questing Mode isn't enabled yet. use '/hqm quest' to enable it.
[14:03:38] [Client thread/INFO]: [CHAT] Questing Mode isn't enabled yet. use '/hqm quest' to enable it.
[14:03:39] [Client thread/INFO]: [CHAT] Questing Mode isn't enabled yet. use '/hqm quest' to enable it.
[14:03:43] [Client thread/INFO]: [CHAT] You do not have permission to use this command
[14:03:44] [Client thread/INFO]: [CHAT] Questing Mode isn't enabled yet. use '/hqm quest' to enable it.
[14:03:45] [Client thread/INFO]: [CHAT] Questing Mode isn't enabled yet. use '/hqm quest' to enable it.
[14:03:45] [Server thread/INFO]: Saving and pausing game...
[14:03:45] [Server thread/INFO]: Saving chunks for level 'Survival World'/Overworld
[14:03:45] [Server thread/INFO]: Saving chunks for level 'Survival World'/Nether
[14:03:45] [Server thread/INFO]: Saving chunks for level 'Survival World'/The End
[14:03:47] [Client thread/INFO]: Started on 49388
[14:03:47] [Client thread/INFO]: [CHAT] Local game hosted on port 49388
[14:03:51] [Client thread/INFO]: [CHAT] Questing mode has been activated. Enjoy!
[14:14:24] [Server thread/INFO]: Stopping server
[14:14:24] [Server thread/INFO]: Saving players
[14:14:24] [Server thread/INFO]: Saving worlds
[14:14:24] [Server thread/INFO]: Saving chunks for level 'Survival World'/Overworld
[14:14:24] [Server thread/INFO]: Saving chunks for level 'Survival World'/Nether
[14:14:24] [Server thread/INFO]: Saving chunks for level 'Survival World'/The End
[14:14:25] [Client thread/INFO]: Stopping!
