11/28/14 2:03 PM;RIGHT_CLICK_BLOCK;CarbonBasedGhost;DIM:0;477;65;-143;|;47;6;-14
11/28/14 2:03 PM;RIGHT_CLICK_BLOCK;CarbonBasedGhost;DIM:0;477;65;-146;|;47;6;-14
11/28/14 2:03 PM;RIGHT_CLICK_BLOCK;CarbonBasedGhost;DIM:0;477;65;-143;|;47;6;-14
11/28/14 2:03 PM;RIGHT_CLICK_BLOCK;CarbonBasedGhost;DIM:0;477;65;-140;|;47;6;-14
11/28/14 2:03 PM;RIGHT_CLICK_BLOCK;CarbonBasedGhost;DIM:0;477;65;-137;|;47;6;-13
11/28/14 2:03 PM;RIGHT_CLICK_BLOCK;CarbonBasedGhost;DIM:0;474;58;-139;|;47;5;-13
11/28/14 2:06 PM;LEFT_CLICK_BLOCK;CarbonBasedGhost;DIM:0;455;65;-140;|;45;6;-14
11/28/14 2:06 PM;LEFT_CLICK_BLOCK;CarbonBasedGhost;DIM:0;454;65;-140;|;45;6;-14
11/28/14 2:06 PM;LEFT_CLICK_BLOCK;CarbonBasedGhost;DIM:0;453;65;-140;|;45;6;-14
11/28/14 2:06 PM;LEFT_CLICK_BLOCK;CarbonBasedGhost;DIM:0;452;65;-140;|;45;6;-14
11/28/14 2:06 PM;LEFT_CLICK_BLOCK;CarbonBasedGhost;DIM:0;451;65;-140;|;45;6;-14
11/28/14 2:06 PM;LEFT_CLICK_BLOCK;CarbonBasedGhost;DIM:0;450;65;-140;|;45;6;-14
11/28/14 2:06 PM;LEFT_CLICK_BLOCK;CarbonBasedGhost;DIM:0;449;65;-140;|;44;6;-14
11/28/14 2:06 PM;LEFT_CLICK_BLOCK;CarbonBasedGhost;DIM:0;448;65;-140;|;44;6;-14
11/28/14 2:06 PM;LEFT_CLICK_BLOCK;CarbonBasedGhost;DIM:0;447;65;-140;|;44;6;-14
11/28/14 2:06 PM;LEFT_CLICK_BLOCK;CarbonBasedGhost;DIM:0;446;65;-140;|;44;6;-14
11/28/14 2:06 PM;LEFT_CLICK_BLOCK;CarbonBasedGhost;DIM:0;445;65;-140;|;44;6;-14
11/28/14 2:06 PM;LEFT_CLICK_BLOCK;CarbonBasedGhost;DIM:0;444;65;-140;|;44;6;-14
11/28/14 2:06 PM;LEFT_CLICK_BLOCK;CarbonBasedGhost;DIM:0;443;65;-140;|;44;6;-14
11/28/14 2:06 PM;LEFT_CLICK_BLOCK;CarbonBasedGhost;DIM:0;442;65;-140;|;44;6;-14
11/28/14 2:06 PM;LEFT_CLICK_BLOCK;CarbonBasedGhost;DIM:0;441;65;-140;|;44;6;-14
11/28/14 2:06 PM;LEFT_CLICK_BLOCK;CarbonBasedGhost;DIM:0;440;65;-140;|;44;6;-14
11/28/14 2:06 PM;LEFT_CLICK_BLOCK;CarbonBasedGhost;DIM:0;439;65;-140;|;43;6;-14
11/28/14 2:06 PM;LEFT_CLICK_BLOCK;CarbonBasedGhost;DIM:0;438;65;-140;|;43;6;-14
11/28/14 2:06 PM;LEFT_CLICK_BLOCK;CarbonBasedGhost;DIM:0;437;65;-140;|;43;6;-14
11/28/14 2:06 PM;LEFT_CLICK_BLOCK;CarbonBasedGhost;DIM:0;436;65;-140;|;43;6;-14
11/28/14 2:06 PM;LEFT_CLICK_BLOCK;CarbonBasedGhost;DIM:0;435;64;-140;|;43;6;-14
11/28/14 2:06 PM;RIGHT_CLICK_BLOCK;CarbonBasedGhost;DIM:0;435;63;-140;|;43;6;-14
11/28/14 2:06 PM;RIGHT_CLICK_BLOCK;CarbonBasedGhost;DIM:0;434;63;-140;|;43;6;-14
11/28/14 2:06 PM;RIGHT_CLICK_BLOCK;CarbonBasedGhost;DIM:0;435;63;-139;|;43;6;-13
11/28/14 2:06 PM;RIGHT_CLICK_BLOCK;CarbonBasedGhost;DIM:0;432;63;-140;|;43;6;-14
11/28/14 2:06 PM;RIGHT_CLICK_BLOCK;CarbonBasedGhost;DIM:0;432;63;-139;|;43;6;-13
11/28/14 2:06 PM;LEFT_CLICK_BLOCK;CarbonBasedGhost;DIM:0;436;64;-140;|;43;6;-14
11/28/14 2:06 PM;RIGHT_CLICK_BLOCK;CarbonBasedGhost;DIM:0;436;64;-141;|;43;6;-14
11/28/14 2:06 PM;RIGHT_CLICK_BLOCK;CarbonBasedGhost;DIM:0;437;64;-140;|;43;6;-14
11/28/14 2:06 PM;RIGHT_CLICK_BLOCK;CarbonBasedGhost;DIM:0;436;64;-140;|;43;6;-14
11/28/14 2:07 PM;LEFT_CLICK_BLOCK;CarbonBasedGhost;DIM:0;439;64;-139;|;43;6;-13
11/28/14 2:07 PM;RIGHT_CLICK_BLOCK;CarbonBasedGhost;DIM:0;439;64;-140;|;43;6;-14
11/28/14 2:07 PM;RIGHT_CLICK_BLOCK;CarbonBasedGhost;DIM:0;439;64;-139;|;43;6;-13
11/28/14 2:07 PM;LEFT_CLICK_BLOCK;CarbonBasedGhost;DIM:0;438;64;-139;|;43;6;-13
11/28/14 2:07 PM;LEFT_CLICK_BLOCK;CarbonBasedGhost;DIM:0;439;64;-139;|;43;6;-13
11/28/14 2:07 PM;RIGHT_CLICK_BLOCK;CarbonBasedGhost;DIM:0;437;64;-140;|;43;6;-14
11/28/14 2:07 PM;RIGHT_CLICK_BLOCK;CarbonBasedGhost;DIM:0;438;64;-140;|;43;6;-14
11/28/14 2:07 PM;RIGHT_CLICK_BLOCK;CarbonBasedGhost;DIM:0;439;64;-140;|;43;6;-14
11/28/14 2:07 PM;RIGHT_CLICK_BLOCK;CarbonBasedGhost;DIM:0;439;64;-139;|;43;6;-13
11/28/14 2:07 PM;RIGHT_CLICK_BLOCK;CarbonBasedGhost;DIM:0;439;63;-139;|;43;6;-13
11/28/14 2:07 PM;RIGHT_CLICK_BLOCK;CarbonBasedGhost;DIM:0;439;62;-139;|;43;6;-13
11/28/14 2:07 PM;RIGHT_CLICK_BLOCK;CarbonBasedGhost;DIM:0;439;61;-139;|;43;6;-13
11/28/14 2:07 PM;RIGHT_CLICK_BLOCK;CarbonBasedGhost;DIM:0;439;60;-139;|;43;6;-13
11/28/14 2:07 PM;RIGHT_CLICK_BLOCK;CarbonBasedGhost;DIM:0;439;59;-140;|;43;5;-14
11/28/14 2:07 PM;RIGHT_CLICK_BLOCK;CarbonBasedGhost;DIM:0;439;59;-139;|;43;5;-13
11/28/14 2:07 PM;RIGHT_CLICK_BLOCK;CarbonBasedGhost;DIM:0;439;58;-140;|;43;5;-14
11/28/14 2:07 PM;RIGHT_CLICK_BLOCK;CarbonBasedGhost;DIM:0;439;57;-140;|;43;5;-14
11/28/14 2:07 PM;RIGHT_CLICK_BLOCK;CarbonBasedGhost;DIM:0;439;57;-139;|;43;5;-13
11/28/14 2:07 PM;RIGHT_CLICK_BLOCK;CarbonBasedGhost;DIM:0;439;55;-139;|;43;5;-13
11/28/14 2:07 PM;RIGHT_CLICK_BLOCK;CarbonBasedGhost;DIM:0;439;56;-139;|;43;5;-13
11/28/14 2:07 PM;RIGHT_CLICK_BLOCK;CarbonBasedGhost;DIM:0;439;57;-139;|;43;5;-13
11/28/14 2:07 PM;LEFT_CLICK_BLOCK;CarbonBasedGhost;DIM:0;439;57;-138;|;43;5;-13
11/28/14 2:07 PM;RIGHT_CLICK_BLOCK;CarbonBasedGhost;DIM:0;440;64;-140;|;44;6;-14
11/28/14 2:07 PM;RIGHT_CLICK_BLOCK;CarbonBasedGhost;DIM:0;441;64;-140;|;44;6;-14
11/28/14 2:07 PM;LEFT_CLICK_BLOCK;CarbonBasedGhost;DIM:0;440;64;-140;|;44;6;-14
11/28/14 2:07 PM;LEFT_CLICK_BLOCK;CarbonBasedGhost;DIM:0;439;64;-140;|;43;6;-14
11/28/14 2:07 PM;LEFT_CLICK_BLOCK;CarbonBasedGhost;DIM:0;438;64;-140;|;43;6;-14
11/28/14 2:07 PM;LEFT_CLICK_BLOCK;CarbonBasedGhost;DIM:0;437;64;-140;|;43;6;-14
11/28/14 2:07 PM;LEFT_CLICK_BLOCK;CarbonBasedGhost;DIM:0;441;64;-140;|;44;6;-14
11/28/14 2:07 PM;LEFT_CLICK_BLOCK;CarbonBasedGhost;DIM:0;439;63;-140;|;43;6;-14
11/28/14 2:07 PM;LEFT_CLICK_BLOCK;CarbonBasedGhost;DIM:0;439;62;-140;|;43;6;-14
11/28/14 2:07 PM;LEFT_CLICK_BLOCK;CarbonBasedGhost;DIM:0;439;61;-140;|;43;6;-14
11/28/14 2:07 PM;LEFT_CLICK_BLOCK;CarbonBasedGhost;DIM:0;439;60;-140;|;43;6;-14
11/28/14 2:07 PM;LEFT_CLICK_BLOCK;CarbonBasedGhost;DIM:0;439;59;-140;|;43;5;-14
11/28/14 2:07 PM;LEFT_CLICK_BLOCK;CarbonBasedGhost;DIM:0;439;58;-140;|;43;5;-14
11/28/14 2:07 PM;LEFT_CLICK_BLOCK;CarbonBasedGhost;DIM:0;439;57;-140;|;43;5;-14
11/28/14 2:07 PM;LEFT_CLICK_BLOCK;CarbonBasedGhost;DIM:0;438;55;-140;|;43;5;-14
11/28/14 2:07 PM;LEFT_CLICK_BLOCK;CarbonBasedGhost;DIM:0;439;56;-140;|;43;5;-14
11/28/14 2:07 PM;RIGHT_CLICK_BLOCK;CarbonBasedGhost;DIM:0;439;64;-141;|;43;6;-14
11/28/14 2:07 PM;LEFT_CLICK_BLOCK;CarbonBasedGhost;DIM:0;439;65;-141;|;43;6;-14
11/28/14 2:07 PM;RIGHT_CLICK_BLOCK;CarbonBasedGhost;DIM:0;439;64;-141;|;43;6;-14
11/28/14 2:07 PM;RIGHT_CLICK_BLOCK;CarbonBasedGhost;DIM:0;438;64;-141;|;43;6;-14
11/28/14 2:07 PM;RIGHT_CLICK_BLOCK;CarbonBasedGhost;DIM:0;436;64;-140;|;43;6;-14
11/28/14 2:07 PM;LEFT_CLICK_BLOCK;CarbonBasedGhost;DIM:0;436;65;-140;|;43;6;-14
11/28/14 2:07 PM;RIGHT_CLICK_BLOCK;CarbonBasedGhost;DIM:0;437;64;-141;|;43;6;-14
11/28/14 2:08 PM;RIGHT_CLICK_BLOCK;CarbonBasedGhost;DIM:0;442;64;-140;|;44;6;-14
11/28/14 2:08 PM;RIGHT_CLICK_BLOCK;CarbonBasedGhost;DIM:0;443;64;-140;|;44;6;-14
11/28/14 2:08 PM;RIGHT_CLICK_BLOCK;CarbonBasedGhost;DIM:0;444;64;-140;|;44;6;-14
11/28/14 2:08 PM;RIGHT_CLICK_BLOCK;CarbonBasedGhost;DIM:0;445;64;-140;|;44;6;-14
11/28/14 2:08 PM;RIGHT_CLICK_BLOCK;CarbonBasedGhost;DIM:0;446;64;-140;|;44;6;-14
11/28/14 2:08 PM;RIGHT_CLICK_BLOCK;CarbonBasedGhost;DIM:0;447;64;-140;|;44;6;-14
11/28/14 2:08 PM;RIGHT_CLICK_BLOCK;CarbonBasedGhost;DIM:0;448;64;-140;|;44;6;-14
11/28/14 2:08 PM;RIGHT_CLICK_BLOCK;CarbonBasedGhost;DIM:0;449;64;-140;|;44;6;-14
11/28/14 2:08 PM;RIGHT_CLICK_BLOCK;CarbonBasedGhost;DIM:0;439;64;-139;|;43;6;-13
11/28/14 2:08 PM;RIGHT_CLICK_BLOCK;CarbonBasedGhost;DIM:0;450;64;-140;|;45;6;-14
11/28/14 2:08 PM;RIGHT_CLICK_BLOCK;CarbonBasedGhost;DIM:0;451;64;-140;|;45;6;-14
11/28/14 2:08 PM;RIGHT_CLICK_BLOCK;CarbonBasedGhost;DIM:0;452;64;-139;|;45;6;-13
11/28/14 2:08 PM;RIGHT_CLICK_BLOCK;CarbonBasedGhost;DIM:0;452;63;-139;|;45;6;-13
11/28/14 2:08 PM;RIGHT_CLICK_BLOCK;CarbonBasedGhost;DIM:0;452;62;-139;|;45;6;-13
11/28/14 2:08 PM;RIGHT_CLICK_BLOCK;CarbonBasedGhost;DIM:0;452;61;-139;|;45;6;-13
11/28/14 2:08 PM;RIGHT_CLICK_BLOCK;CarbonBasedGhost;DIM:0;452;60;-139;|;45;6;-13
11/28/14 2:08 PM;RIGHT_CLICK_BLOCK;CarbonBasedGhost;DIM:0;452;59;-140;|;45;5;-14
11/28/14 2:08 PM;RIGHT_CLICK_BLOCK;CarbonBasedGhost;DIM:0;452;58;-140;|;45;5;-14
11/28/14 2:08 PM;RIGHT_CLICK_BLOCK;CarbonBasedGhost;DIM:0;452;58;-139;|;45;5;-13
11/28/14 2:08 PM;RIGHT_CLICK_BLOCK;CarbonBasedGhost;DIM:0;453;64;-140;|;45;6;-14
11/28/14 2:08 PM;RIGHT_CLICK_BLOCK;CarbonBasedGhost;DIM:0;454;64;-140;|;45;6;-14
11/28/14 2:08 PM;LEFT_CLICK_BLOCK;CarbonBasedGhost;DIM:0;454;64;-140;|;45;6;-14
11/28/14 2:08 PM;LEFT_CLICK_BLOCK;CarbonBasedGhost;DIM:0;453;64;-140;|;45;6;-14
11/28/14 2:08 PM;LEFT_CLICK_BLOCK;CarbonBasedGhost;DIM:0;452;64;-140;|;45;6;-14
11/28/14 2:08 PM;LEFT_CLICK_BLOCK;CarbonBasedGhost;DIM:0;451;64;-140;|;45;6;-14
11/28/14 2:08 PM;LEFT_CLICK_BLOCK;CarbonBasedGhost;DIM:0;450;64;-140;|;45;6;-14
11/28/14 2:08 PM;LEFT_CLICK_BLOCK;CarbonBasedGhost;DIM:0;452;64;-141;|;45;6;-14
11/28/14 2:08 PM;LEFT_CLICK_BLOCK;CarbonBasedGhost;DIM:0;452;63;-140;|;45;6;-14
11/28/14 2:08 PM;LEFT_CLICK_BLOCK;CarbonBasedGhost;DIM:0;452;62;-140;|;45;6;-14
11/28/14 2:08 PM;LEFT_CLICK_BLOCK;CarbonBasedGhost;DIM:0;452;61;-140;|;45;6;-14
11/28/14 2:08 PM;LEFT_CLICK_BLOCK;CarbonBasedGhost;DIM:0;452;60;-140;|;45;6;-14
11/28/14 2:08 PM;LEFT_CLICK_BLOCK;CarbonBasedGhost;DIM:0;452;59;-140;|;45;5;-14
11/28/14 2:08 PM;LEFT_CLICK_BLOCK;CarbonBasedGhost;DIM:0;452;58;-140;|;45;5;-14
11/28/14 2:08 PM;RIGHT_CLICK_BLOCK;CarbonBasedGhost;DIM:0;452;64;-142;|;45;6;-14
11/28/14 2:08 PM;RIGHT_CLICK_BLOCK;CarbonBasedGhost;DIM:0;452;64;-141;|;45;6;-14
11/28/14 2:08 PM;RIGHT_CLICK_BLOCK;CarbonBasedGhost;DIM:0;452;57;-140;|;45;5;-14
11/28/14 2:08 PM;RIGHT_CLICK_BLOCK;CarbonBasedGhost;DIM:0;452;58;-140;|;45;5;-14
11/28/14 2:08 PM;RIGHT_CLICK_BLOCK;CarbonBasedGhost;DIM:0;452;59;-140;|;45;5;-14
11/28/14 2:08 PM;RIGHT_CLICK_BLOCK;CarbonBasedGhost;DIM:0;452;60;-140;|;45;6;-14
11/28/14 2:08 PM;LEFT_CLICK_BLOCK;CarbonBasedGhost;DIM:0;452;60;-140;|;45;6;-14
11/28/14 2:08 PM;LEFT_CLICK_BLOCK;CarbonBasedGhost;DIM:0;452;59;-140;|;45;5;-14
11/28/14 2:08 PM;LEFT_CLICK_BLOCK;CarbonBasedGhost;DIM:0;452;58;-140;|;45;5;-14
11/28/14 2:08 PM;RIGHT_CLICK_BLOCK;CarbonBasedGhost;DIM:0;452;64;-141;|;45;6;-14
11/28/14 2:08 PM;RIGHT_CLICK_BLOCK;CarbonBasedGhost;DIM:0;455;64;-140;|;45;6;-14
11/28/14 2:08 PM;RIGHT_CLICK_BLOCK;CarbonBasedGhost;DIM:0;454;64;-140;|;45;6;-14
11/28/14 2:08 PM;RIGHT_CLICK_BLOCK;CarbonBasedGhost;DIM:0;449;64;-140;|;44;6;-14
11/28/14 2:08 PM;RIGHT_CLICK_BLOCK;CarbonBasedGhost;DIM:0;450;64;-140;|;45;6;-14
11/28/14 2:08 PM;RIGHT_CLICK_BLOCK;CarbonBasedGhost;DIM:0;439;64;-140;|;43;6;-14
11/28/14 2:08 PM;RIGHT_CLICK_BLOCK;CarbonBasedGhost;DIM:0;440;64;-140;|;44;6;-14
11/28/14 2:09 PM;RIGHT_CLICK_BLOCK;CarbonBasedGhost;DIM:0;437;64;-139;|;43;6;-13
11/28/14 2:09 PM;RIGHT_CLICK_BLOCK;CarbonBasedGhost;DIM:0;438;64;-139;|;43;6;-13
11/28/14 2:09 PM;RIGHT_CLICK_BLOCK;CarbonBasedGhost;DIM:0;439;64;-139;|;43;6;-13
11/28/14 2:09 PM;RIGHT_CLICK_BLOCK;CarbonBasedGhost;DIM:0;440;64;-139;|;44;6;-13
11/28/14 2:09 PM;RIGHT_CLICK_BLOCK;CarbonBasedGhost;DIM:0;441;64;-139;|;44;6;-13
11/28/14 2:09 PM;RIGHT_CLICK_BLOCK;CarbonBasedGhost;DIM:0;442;64;-139;|;44;6;-13
11/28/14 2:09 PM;LEFT_CLICK_BLOCK;CarbonBasedGhost;DIM:0;442;64;-138;|;44;6;-13
11/28/14 2:09 PM;RIGHT_CLICK_BLOCK;CarbonBasedGhost;DIM:0;443;64;-139;|;44;6;-13
11/28/14 2:09 PM;RIGHT_CLICK_BLOCK;CarbonBasedGhost;DIM:0;444;64;-139;|;44;6;-13
11/28/14 2:09 PM;RIGHT_CLICK_BLOCK;CarbonBasedGhost;DIM:0;445;64;-139;|;44;6;-13
11/28/14 2:09 PM;RIGHT_CLICK_BLOCK;CarbonBasedGhost;DIM:0;446;64;-139;|;44;6;-13
11/28/14 2:09 PM;RIGHT_CLICK_BLOCK;CarbonBasedGhost;DIM:0;447;64;-139;|;44;6;-13
11/28/14 2:09 PM;RIGHT_CLICK_BLOCK;CarbonBasedGhost;DIM:0;448;64;-139;|;44;6;-13
11/28/14 2:09 PM;RIGHT_CLICK_BLOCK;CarbonBasedGhost;DIM:0;449;64;-139;|;44;6;-13
11/28/14 2:09 PM;RIGHT_CLICK_BLOCK;CarbonBasedGhost;DIM:0;450;64;-139;|;45;6;-13
11/28/14 2:09 PM;RIGHT_CLICK_BLOCK;CarbonBasedGhost;DIM:0;451;64;-139;|;45;6;-13
11/28/14 2:09 PM;RIGHT_CLICK_BLOCK;CarbonBasedGhost;DIM:0;452;64;-139;|;45;6;-13
11/28/14 2:09 PM;RIGHT_CLICK_BLOCK;CarbonBasedGhost;DIM:0;453;64;-139;|;45;6;-13
11/28/14 2:09 PM;RIGHT_CLICK_BLOCK;CarbonBasedGhost;DIM:0;454;64;-139;|;45;6;-13
11/28/14 2:09 PM;RIGHT_CLICK_BLOCK;CarbonBasedGhost;DIM:0;454;64;-140;|;45;6;-14
11/28/14 2:09 PM;RIGHT_CLICK_BLOCK;CarbonBasedGhost;DIM:0;457;63;-140;|;45;6;-14
11/28/14 2:09 PM;RIGHT_CLICK_BLOCK;CarbonBasedGhost;DIM:0;456;63;-140;|;45;6;-14
11/28/14 2:09 PM;RIGHT_CLICK_BLOCK;CarbonBasedGhost;DIM:0;456;64;-140;|;45;6;-14
11/28/14 2:09 PM;RIGHT_CLICK_BLOCK;CarbonBasedGhost;DIM:0;455;64;-140;|;45;6;-14
11/28/14 2:09 PM;LEFT_CLICK_BLOCK;CarbonBasedGhost;DIM:0;456;64;-140;|;45;6;-14
11/28/14 2:09 PM;LEFT_CLICK_BLOCK;CarbonBasedGhost;DIM:0;455;64;-140;|;45;6;-14
11/28/14 2:09 PM;RIGHT_CLICK_BLOCK;CarbonBasedGhost;DIM:0;454;64;-140;|;45;6;-14
11/28/14 2:09 PM;LEFT_CLICK_BLOCK;CarbonBasedGhost;DIM:0;457;63;-143;|;45;6;-14
11/28/14 2:09 PM;RIGHT_CLICK_BLOCK;CarbonBasedGhost;DIM:0;457;62;-142;|;45;6;-14
11/28/14 2:09 PM;LEFT_CLICK_BLOCK;CarbonBasedGhost;DIM:0;457;63;-142;|;45;6;-14
11/28/14 2:09 PM;RIGHT_CLICK_BLOCK;CarbonBasedGhost;DIM:0;457;63;-141;|;45;6;-14
11/28/14 2:09 PM;RIGHT_CLICK_BLOCK;CarbonBasedGhost;DIM:0;456;61;-142;|;45;6;-14
11/28/14 2:09 PM;RIGHT_CLICK_BLOCK;CarbonBasedGhost;DIM:0;456;62;-142;|;45;6;-14
11/28/14 2:09 PM;RIGHT_CLICK_BLOCK;CarbonBasedGhost;DIM:0;456;63;-139;|;45;6;-13
11/28/14 2:09 PM;RIGHT_CLICK_BLOCK;CarbonBasedGhost;DIM:0;456;62;-139;|;45;6;-13
11/28/14 2:09 PM;RIGHT_CLICK_BLOCK;CarbonBasedGhost;DIM:0;456;61;-139;|;45;6;-13
11/28/14 2:09 PM;RIGHT_CLICK_BLOCK;CarbonBasedGhost;DIM:0;456;60;-139;|;45;6;-13
11/28/14 2:09 PM;RIGHT_CLICK_BLOCK;CarbonBasedGhost;DIM:0;459;62;-139;|;45;6;-13
11/28/14 2:09 PM;RIGHT_CLICK_BLOCK;CarbonBasedGhost;DIM:0;459;63;-139;|;45;6;-13
11/28/14 2:10 PM;RIGHT_CLICK_BLOCK;CarbonBasedGhost;DIM:0;435;63;-139;|;43;6;-13
11/28/14 2:10 PM;RIGHT_CLICK_BLOCK;CarbonBasedGhost;DIM:0;435;62;-139;|;43;6;-13
11/28/14 2:10 PM;RIGHT_CLICK_BLOCK;CarbonBasedGhost;DIM:0;435;61;-139;|;43;6;-13
11/28/14 2:10 PM;LEFT_CLICK_BLOCK;CarbonBasedGhost;DIM:0;435;61;-138;|;43;6;-13
11/28/14 2:10 PM;RIGHT_CLICK_BLOCK;CarbonBasedGhost;DIM:0;435;61;-139;|;43;6;-13
11/28/14 2:10 PM;RIGHT_CLICK_BLOCK;CarbonBasedGhost;DIM:0;435;60;-139;|;43;6;-13
11/28/14 2:10 PM;RIGHT_CLICK_BLOCK;CarbonBasedGhost;DIM:0;434;58;-139;|;43;5;-13
11/28/14 2:10 PM;RIGHT_CLICK_BLOCK;CarbonBasedGhost;DIM:0;435;58;-139;|;43;5;-13
11/28/14 2:10 PM;RIGHT_CLICK_BLOCK;CarbonBasedGhost;DIM:0;435;57;-139;|;43;5;-13
11/28/14 2:10 PM;RIGHT_CLICK_BLOCK;CarbonBasedGhost;DIM:0;435;63;-142;|;43;6;-14
11/28/14 2:10 PM;RIGHT_CLICK_BLOCK;CarbonBasedGhost;DIM:0;435;62;-142;|;43;6;-14
11/28/14 2:10 PM;RIGHT_CLICK_BLOCK;CarbonBasedGhost;DIM:0;435;61;-142;|;43;6;-14
11/28/14 2:10 PM;RIGHT_CLICK_BLOCK;CarbonBasedGhost;DIM:0;435;60;-142;|;43;6;-14
11/28/14 2:10 PM;RIGHT_CLICK_BLOCK;CarbonBasedGhost;DIM:0;435;59;-142;|;43;5;-14
11/28/14 2:10 PM;RIGHT_CLICK_BLOCK;CarbonBasedGhost;DIM:0;435;58;-142;|;43;5;-14
11/28/14 2:10 PM;RIGHT_CLICK_BLOCK;CarbonBasedGhost;DIM:0;435;55;-142;|;43;5;-14
11/28/14 2:10 PM;RIGHT_CLICK_BLOCK;CarbonBasedGhost;DIM:0;435;56;-142;|;43;5;-14
11/28/14 2:10 PM;RIGHT_CLICK_BLOCK;CarbonBasedGhost;DIM:0;458;64;-166;|;45;6;-16
11/28/14 2:11 PM;RIGHT_CLICK_BLOCK;CarbonBasedGhost;DIM:0;458;64;-166;|;45;6;-16
